# JRE version: OpenJDK Runtime Environment Temurin-17.0.11+9 (17.0.11+9) (build 17.0.11+9)
# Java VM: OpenJDK Client VM Temurin-17.0.11+9 (17.0.11+9, mixed mode, emulated-client, serial gc, windows-x86)
GC Precious Log:
 CPUs: 22 total, 22 available
 Memory: 32212M
 Large Page Support: Disabled
 NUMA Support: Disabled
 Compressed Oops: Disabled
 Heap Min Capacity: 6M
 Heap Initial Capacity: 16M
 Heap Max Capacity: 1536M
 Pre-touch: Disabled
Heap:
 def new generation   total 116352K, used 43909K [0x05c00000, 0x0da30000, 0x25c00000)
  eden space 103488K,  36% used [0x05c00000, 0x080efe70, 0x0c110000)
  from space 12864K,  47% used [0x0cda0000, 0x0d391840, 0x0da30000)
  to   space 12864K,   0% used [0x0c110000, 0x0c110000, 0x0cda0000)
 tenured generation   total 256020K, used 160705K [0x25c00000, 0x35605000, 0x65c00000)
   the space 256020K,  62% used [0x25c00000, 0x2f8f0520, 0x2f8f0600, 0x35605000)
 Metaspace       used 80743K, committed 81152K, reserved 81920K
GC Heap History (20 events):
Event: 190.533 GC heap before
{Heap before GC invocations=209 (full 7):
 def new generation   total 116352K, used 107462K [0x05c00000, 0x0da30000, 0x25c00000)
  eden space 103488K, 100% used [0x05c00000, 0x0c110000, 0x0c110000)
  from space 12864K,  30% used [0x0cda0000, 0x0d181968, 0x0da30000)
  to   space 12864K,   0% used [0x0c110000, 0x0c110000, 0x0cda0000)
 tenured generation   total 256020K, used 153611K [0x25c00000, 0x35605000, 0x65c00000)
   the space 256020K,  59% used [0x25c00000, 0x2f202e28, 0x2f203000, 0x35605000)
 Metaspace       used 74101K, committed 74560K, reserved 81920K
}
Event: 190.541 GC heap after
{Heap after GC invocations=210 (full 7):
 def new generation   total 116352K, used 2253K [0x05c00000, 0x0da30000, 0x25c00000)
  eden space 103488K,   0% used [0x05c00000, 0x05c00000, 0x0c110000)
  from space 12864K,  17% used [0x0c110000, 0x0c343400, 0x0cda0000)
  to   space 12864K,   0% used [0x0cda0000, 0x0cda0000, 0x0da30000)
 tenured generation   total 256020K, used 153611K [0x25c00000, 0x35605000, 0x65c00000)
   the space 256020K,  59% used [0x25c00000, 0x2f202e28, 0x2f203000, 0x35605000)
 Metaspace       used 74101K, committed 74560K, reserved 81920K
}
Event: 191.952 GC heap before
{Heap before GC invocations=210 (full 7):
 def new generation   total 116352K, used 105740K [0x05c00000, 0x0da30000, 0x25c00000)
  eden space 103488K,  99% used [0x05c00000, 0x0c10ffe8, 0x0c110000)
  from space 12864K,  17% used [0x0c110000, 0x0c343400, 0x0cda0000)
  to   space 12864K,   0% used [0x0cda0000, 0x0cda0000, 0x0da30000)
 tenured generation   total 256020K, used 153611K [0x25c00000, 0x35605000, 0x65c00000)
   the space 256020K,  59% used [0x25c00000, 0x2f202e28, 0x2f203000, 0x35605000)
 Metaspace       used 77374K, committed 77760K, reserved 81920K
}
Event: 191.988 GC heap after
{Heap after GC invocations=211 (full 7):
 def new generation   total 116352K, used 6148K [0x05c00000, 0x0da30000, 0x25c00000)
  eden space 103488K,   0% used [0x05c00000, 0x05c00000, 0x0c110000)
  from space 12864K,  47% used [0x0cda0000, 0x0d3a13a0, 0x0da30000)
  to   space 12864K,   0% used [0x0c110000, 0x0c110000, 0x0cda0000)
 tenured generation   total 256020K, used 153611K [0x25c00000, 0x35605000, 0x65c00000)
   the space 256020K,  59% used [0x25c00000, 0x2f202e28, 0x2f203000, 0x35605000)
 Metaspace       used 77374K, committed 77760K, reserved 81920K
}
Event: 192.674 GC heap before
{Heap before GC invocations=211 (full 7):
 def new generation   total 116352K, used 109636K [0x05c00000, 0x0da30000, 0x25c00000)
  eden space 103488K,  99% used [0x05c00000, 0x0c10fff8, 0x0c110000)
  from space 12864K,  47% used [0x0cda0000, 0x0d3a13a0, 0x0da30000)
  to   space 12864K,   0% used [0x0c110000, 0x0c110000, 0x0cda0000)
 tenured generation   total 256020K, used 153611K [0x25c00000, 0x35605000, 0x65c00000)
   the space 256020K,  59% used [0x25c00000, 0x2f202e28, 0x2f203000, 0x35605000)
 Metaspace       used 77389K, committed 77824K, reserved 81920K
}
Event: 192.692 GC heap after
{Heap after GC invocations=212 (full 7):
 def new generation   total 116352K, used 6791K [0x05c00000, 0x0da30000, 0x25c00000)
  eden space 103488K,   0% used [0x05c00000, 0x05c00000, 0x0c110000)
  from space 12864K,  52% used [0x0c110000, 0x0c7b1ce0, 0x0cda0000)
  to   space 12864K,   0% used [0x0cda0000, 0x0cda0000, 0x0da30000)
 tenured generation   total 256020K, used 153611K [0x25c00000, 0x35605000, 0x65c00000)
   the space 256020K,  59% used [0x25c00000, 0x2f202e28, 0x2f203000, 0x35605000)
 Metaspace       used 77389K, committed 77824K, reserved 81920K
}
Event: 193.402 GC heap before
{Heap before GC invocations=212 (full 7):
 def new generation   total 116352K, used 109670K [0x05c00000, 0x0da30000, 0x25c00000)
  eden space 103488K,  99% used [0x05c00000, 0x0c077d50, 0x0c110000)
  from space 12864K,  52% used [0x0c110000, 0x0c7b1ce0, 0x0cda0000)
  to   space 12864K,   0% used [0x0cda0000, 0x0cda0000, 0x0da30000)
 tenured generation   total 256020K, used 153611K [0x25c00000, 0x35605000, 0x65c00000)
   the space 256020K,  59% used [0x25c00000, 0x2f202e28, 0x2f203000, 0x35605000)
 Metaspace       used 79122K, committed 79552K, reserved 81920K
}
Event: 193.462 GC heap after
{Heap after GC invocations=213 (full 7):
 def new generation   total 116352K, used 11467K [0x05c00000, 0x0da30000, 0x25c00000)
  eden space 103488K,   0% used [0x05c00000, 0x05c00000, 0x0c110000)
  from space 12864K,  89% used [0x0cda0000, 0x0d8d2ff0, 0x0da30000)
  to   space 12864K,   0% used [0x0c110000, 0x0c110000, 0x0cda0000)
 tenured generation   total 256020K, used 154949K [0x25c00000, 0x35605000, 0x65c00000)
   the space 256020K,  60% used [0x25c00000, 0x2f351480, 0x2f351600, 0x35605000)
 Metaspace       used 79122K, committed 79552K, reserved 81920K
}
Event: 195.846 GC heap before
{Heap before GC invocations=213 (full 7):
 def new generation   total 116352K, used 114857K [0x05c00000, 0x0da30000, 0x25c00000)
  eden space 103488K,  99% used [0x05c00000, 0x0c0f76e0, 0x0c110000)
  from space 12864K,  89% used [0x0cda0000, 0x0d8d2ff0, 0x0da30000)
  to   space 12864K,   0% used [0x0c110000, 0x0c110000, 0x0cda0000)
 tenured generation   total 256020K, used 154949K [0x25c00000, 0x35605000, 0x65c00000)
   the space 256020K,  60% used [0x25c00000, 0x2f351480, 0x2f351600, 0x35605000)
 Metaspace       used 80226K, committed 80640K, reserved 81920K
}
Event: 195.870 GC heap after
{Heap after GC invocations=214 (full 7):
 def new generation   total 116352K, used 1664K [0x05c00000, 0x0da30000, 0x25c00000)
  eden space 103488K,   0% used [0x05c00000, 0x05c00000, 0x0c110000)
  from space 12864K,  12% used [0x0c110000, 0x0c2b03a0, 0x0cda0000)
  to   space 12864K,   0% used [0x0cda0000, 0x0cda0000, 0x0da30000)
 tenured generation   total 256020K, used 160705K [0x25c00000, 0x35605000, 0x65c00000)
   the space 256020K,  62% used [0x25c00000, 0x2f8f0520, 0x2f8f0600, 0x35605000)
 Metaspace       used 80226K, committed 80640K, reserved 81920K
}
Event: 196.999 GC heap before
{Heap before GC invocations=214 (full 7):
 def new generation   total 116352K, used 105152K [0x05c00000, 0x0da30000, 0x25c00000)
  eden space 103488K, 100% used [0x05c00000, 0x0c110000, 0x0c110000)
  from space 12864K,  12% used [0x0c110000, 0x0c2b03a0, 0x0cda0000)
  to   space 12864K,   0% used [0x0cda0000, 0x0cda0000, 0x0da30000)
 tenured generation   total 256020K, used 160705K [0x25c00000, 0x35605000, 0x65c00000)
   the space 256020K,  62% used [0x25c00000, 0x2f8f0520, 0x2f8f0600, 0x35605000)
 Metaspace       used 80549K, committed 80960K, reserved 81920K
}
Event: 197.016 GC heap after
{Heap after GC invocations=215 (full 7):
 def new generation   total 116352K, used 4202K [0x05c00000, 0x0da30000, 0x25c00000)
  eden space 103488K,   0% used [0x05c00000, 0x05c00000, 0x0c110000)
  from space 12864K,  32% used [0x0cda0000, 0x0d1ba880, 0x0da30000)
  to   space 12864K,   0% used [0x0c110000, 0x0c110000, 0x0cda0000)
 tenured generation   total 256020K, used 160705K [0x25c00000, 0x35605000, 0x65c00000)
   the space 256020K,  62% used [0x25c00000, 0x2f8f0520, 0x2f8f0600, 0x35605000)
 Metaspace       used 80549K, committed 80960K, reserved 81920K
}
Event: 197.537 GC heap before
{Heap before GC invocations=215 (full 7):
 def new generation   total 116352K, used 107690K [0x05c00000, 0x0da30000, 0x25c00000)
  eden space 103488K, 100% used [0x05c00000, 0x0c110000, 0x0c110000)
  from space 12864K,  32% used [0x0cda0000, 0x0d1ba880, 0x0da30000)
  to   space 12864K,   0% used [0x0c110000, 0x0c110000, 0x0cda0000)
 tenured generation   total 256020K, used 160705K [0x25c00000, 0x35605000, 0x65c00000)
   the space 256020K,  62% used [0x25c00000, 0x2f8f0520, 0x2f8f0600, 0x35605000)
 Metaspace       used 80624K, committed 81088K, reserved 81920K
}
Event: 197.549 GC heap after
{Heap after GC invocations=216 (full 7):
 def new generation   total 116352K, used 3888K [0x05c00000, 0x0da30000, 0x25c00000)
  eden space 103488K,   0% used [0x05c00000, 0x05c00000, 0x0c110000)
  from space 12864K,  30% used [0x0c110000, 0x0c4dc288, 0x0cda0000)
  to   space 12864K,   0% used [0x0cda0000, 0x0cda0000, 0x0da30000)
 tenured generation   total 256020K, used 160705K [0x25c00000, 0x35605000, 0x65c00000)
   the space 256020K,  62% used [0x25c00000, 0x2f8f0520, 0x2f8f0600, 0x35605000)
 Metaspace       used 80624K, committed 81088K, reserved 81920K
}
Event: 197.931 GC heap before
{Heap before GC invocations=216 (full 7):
 def new generation   total 116352K, used 107376K [0x05c00000, 0x0da30000, 0x25c00000)
  eden space 103488K, 100% used [0x05c00000, 0x0c110000, 0x0c110000)
  from space 12864K,  30% used [0x0c110000, 0x0c4dc288, 0x0cda0000)
  to   space 12864K,   0% used [0x0cda0000, 0x0cda0000, 0x0da30000)
 tenured generation   total 256020K, used 160705K [0x25c00000, 0x35605000, 0x65c00000)
   the space 256020K,  62% used [0x25c00000, 0x2f8f0520, 0x2f8f0600, 0x35605000)
 Metaspace       used 80624K, committed 81088K, reserved 81920K
}
Event: 197.942 GC heap after
{Heap after GC invocations=217 (full 7):
 def new generation   total 116352K, used 3905K [0x05c00000, 0x0da30000, 0x25c00000)
  eden space 103488K,   0% used [0x05c00000, 0x05c00000, 0x0c110000)
  from space 12864K,  30% used [0x0cda0000, 0x0d170400, 0x0da30000)
  to   space 12864K,   0% used [0x0c110000, 0x0c110000, 0x0cda0000)
 tenured generation   total 256020K, used 160705K [0x25c00000, 0x35605000, 0x65c00000)
   the space 256020K,  62% used [0x25c00000, 0x2f8f0520, 0x2f8f0600, 0x35605000)
 Metaspace       used 80624K, committed 81088K, reserved 81920K
}
Event: 198.291 GC heap before
{Heap before GC invocations=217 (full 7):
 def new generation   total 116352K, used 107393K [0x05c00000, 0x0da30000, 0x25c00000)
  eden space 103488K, 100% used [0x05c00000, 0x0c110000, 0x0c110000)
  from space 12864K,  30% used [0x0cda0000, 0x0d170400, 0x0da30000)
  to   space 12864K,   0% used [0x0c110000, 0x0c110000, 0x0cda0000)
 tenured generation   total 256020K, used 160705K [0x25c00000, 0x35605000, 0x65c00000)
   the space 256020K,  62% used [0x25c00000, 0x2f8f0520, 0x2f8f0600, 0x35605000)
 Metaspace       used 80624K, committed 81088K, reserved 81920K
}
Event: 198.303 GC heap after
{Heap after GC invocations=218 (full 7):
 def new generation   total 116352K, used 5806K [0x05c00000, 0x0da30000, 0x25c00000)
  eden space 103488K,   0% used [0x05c00000, 0x05c00000, 0x0c110000)
  from space 12864K,  45% used [0x0c110000, 0x0c6bbaa0, 0x0cda0000)
  to   space 12864K,   0% used [0x0cda0000, 0x0cda0000, 0x0da30000)
 tenured generation   total 256020K, used 160705K [0x25c00000, 0x35605000, 0x65c00000)
   the space 256020K,  62% used [0x25c00000, 0x2f8f0520, 0x2f8f0600, 0x35605000)
 Metaspace       used 80624K, committed 81088K, reserved 81920K
}
Event: 198.645 GC heap before
{Heap before GC invocations=218 (full 7):
 def new generation   total 116352K, used 109294K [0x05c00000, 0x0da30000, 0x25c00000)
  eden space 103488K, 100% used [0x05c00000, 0x0c110000, 0x0c110000)
  from space 12864K,  45% used [0x0c110000, 0x0c6bbaa0, 0x0cda0000)
  to   space 12864K,   0% used [0x0cda0000, 0x0cda0000, 0x0da30000)
 tenured generation   total 256020K, used 160705K [0x25c00000, 0x35605000, 0x65c00000)
   the space 256020K,  62% used [0x25c00000, 0x2f8f0520, 0x2f8f0600, 0x35605000)
 Metaspace       used 80624K, committed 81088K, reserved 81920K
}
Event: 198.657 GC heap after
{Heap after GC invocations=219 (full 7):
 def new generation   total 116352K, used 6086K [0x05c00000, 0x0da30000, 0x25c00000)
  eden space 103488K,   0% used [0x05c00000, 0x05c00000, 0x0c110000)
  from space 12864K,  47% used [0x0cda0000, 0x0d391840, 0x0da30000)
  to   space 12864K,   0% used [0x0c110000, 0x0c110000, 0x0cda0000)
 tenured generation   total 256020K, used 160705K [0x25c00000, 0x35605000, 0x65c00000)
   the space 256020K,  62% used [0x25c00000, 0x2f8f0520, 0x2f8f0600, 0x35605000)
 Metaspace       used 80624K, committed 81088K, reserved 81920K
}

